[LOG] System::create                           : Header version = 2.01.05. Current version = 2.01.05.
[LOG] Manager::init                            : maxchannels = 256 studioflags = 00000006 flags 00000000 extradriverdata 0x0.
[LOG] SystemI::init                            : Initialize version=20105 (112138), maxchannels=256, flags=0x00020000
[LOG] SystemI::setOutputInternal               : Setting output to 'FMOD Core Audio Output'
[LOG] OutputCoreAudio::init                    : Output running 2 channels at 44100Hz sample rate.
[LOG] OutputCoreAudio::init                    : Maximum hardware read size: 1024 samples, Software buffer size: 512 samples, Number of software buffers: 4.
[WRN] SystemI::init                            : Output requires a sample rate of 44100Hz, resampling will occur.
[LOG] Thread::initThread                       : Init FMOD stream thread. Affinity: 0x8000000000000003, Priority: 0xFFFF7FFB, Stack Size: 98304, Semaphore: No, Sleep Time: 10, Looping: Yes.
[LOG] Thread::initThread                       : Init FMOD mixer thread. Affinity: 0x8000000000000001, Priority: 0xFFFF7FFA, Stack Size: 81920, Semaphore: Yes, Sleep Time: 0, Looping: Yes.
[LOG] AsyncManager::init                       : manager 0x7faa8afaaa08 isAsync 0 updatePeriod 0.02
[LOG] AsyncManager::init                       : done
[LOG] PlaybackSystem::init                     : 
[LOG] Thread::initThread                       : Init FMOD Studio sample load thread. Affinity: 0x8000000000000003, Priority: 0xFFFF7FFD, Stack Size: 98304, Semaphore: No, Sleep Time: 1, Looping: No.
[LOG] PlaybackSystem::init                     : done
[LOG] Thread::initThread                       : Init FMOD Studio bank load thread. Affinity: 0x8000000000000003, Priority: 0xFFFF7FFD, Stack Size: 98304, Semaphore: No, Sleep Time: 1, Looping: No.
[LOG] Manager::init                            : done.
[LOG] Manager::readBank                        : fileversion = 135, compatVersion = 132 (oldest = 44, newest = 135)
[LOG] Manager::readBank                        : fileversion = 135, compatVersion = 132 (oldest = 44, newest = 135)
[LOG] Manager::readBank                        : fileversion = 135, compatVersion = 132 (oldest = 44, newest = 135)
[LOG] AsyncThread::threadFunc                  : Starting Asynchronous operation on sound 0x7faa8e9c2328
[LOG] AsyncThread::threadFunc                  : Finished Asynchronous operation on sound 0x7faa8e9c2328
[LOG] SystemI::createSound                     : filename = ../Fmod Proj /Build/Desktop/Master.bank : mode 02010082
[LOG] SystemI::createSound                     : FMOD_NONBLOCKING specified.  Putting into queue to be opened asynchronously!
[LOG] SystemI::createSound                     : setdata soundi = 0x7faa6ec618f8 : node = 0x7faa6ecd9c90
[LOG] SystemI::createSound                     : add node to async list : head = 0x7faa8e248848.  list count = 0
[LOG] AsyncThread::threadFunc                  : Starting Asynchronous operation on sound 0x7faa6ec618f8
[LOG] SystemI::createSoundInternal             :     Create name='../Fmod Proj /Build/Desktop/Master.bank', mode=0x02010082
[LOG] SystemI::createSoundInternal             :     exinfo->cbsize             = 224
[LOG] SystemI::createSoundInternal             :     exinfo->length             = 6117824
[LOG] SystemI::createSoundInternal             :     exinfo->fileoffset         = 107040
[LOG] SystemI::createSoundInternal             :     exinfo->numsubsounds       = 1
[LOG] SystemI::createSoundInternal             :     exinfo->inclusionlist      = 0x7faa6ecd9da0
[LOG] SystemI::createSoundInternal             :     exinfo->inclusionlistnum   = 1
[LOG] SystemI::createSoundInternal             :     exinfo->suggestedsoundtype = 5
[LOG] SystemI::createSoundInternal             :     exinfo->initialseekpostype = 1
[LOG] SystemI::createSoundInternal             :     Stream 0/1: name='Heavy Rain 2 Seamless', format=5, channels=2, frequency=48000, lengthbytes=179040, lengthpcm=584374, pcmblocksize=0, loopstart=0, loopend=0, mode=0x00000000, channelmask=0x00000000, channelorder=0, peakvolume=0.719421.
[LOG] AsyncThread::threadFunc                  : Finished Asynchronous operation on sound 0x7faa6ec618f8
[LOG] SoundI::release                          : Heavy Rain 2 Seamless (0x7faa8e2a4218)
[LOG] SoundI::release                          :     Heavy Rain 2 Seamless (0x7faa8a5f1f78)
[LOG] SoundI::release                          :     Heavy Rain 2 Seamless (0x7faa8e940568)
[LOG] SystemI::createSound                     : filename = ../Fmod Proj /Build/Desktop/Master.bank : mode 02010082
[LOG] SystemI::createSound                     : FMOD_NONBLOCKING specified.  Putting into queue to be opened asynchronously!
[LOG] SystemI::createSound                     : setdata soundi = 0x7faa8c0a44d8 : node = 0x7faa8c0d41b0
[LOG] SystemI::createSound                     : add node to async list : head = 0x7faa8e248848.  list count = 0
[LOG] SystemI::createSound                     : filename = ../Fmod Proj /Build/Desktop/Master.bank : mode 02010082
[LOG] SystemI::createSound                     : FMOD_NONBLOCKING specified.  Putting into queue to be opened asynchronously!
[LOG] SystemI::createSound                     : setdata soundi = 0x7faa8c073188 : node = 0x7faa8c0a8570
[LOG] SystemI::createSound                     : add node to async list : head = 0x7faa8e248848.  list count = 0
[LOG] AsyncThread::threadFunc                  : Starting Asynchronous operation on sound 0x7faa8c0a44d8
[LOG] SystemI::createSoundInternal             :     Create name='../Fmod Proj /Build/Desktop/Master.bank', mode=0x02010082
[LOG] SystemI::createSoundInternal             :     exinfo->cbsize             = 224
[LOG] SystemI::createSoundInternal             :     exinfo->length             = 6117824
[LOG] SystemI::createSoundInternal             :     exinfo->fileoffset         = 107040
[LOG] SystemI::createSoundInternal             :     exinfo->numsubsounds       = 1
[LOG] SystemI::createSoundInternal             :     exinfo->inclusionlist      = 0x7faa8c0d42c0
[LOG] SystemI::createSoundInternal             :     exinfo->inclusionlistnum   = 1
[LOG] SystemI::createSoundInternal             :     exinfo->suggestedsoundtype = 5
[LOG] SystemI::createSoundInternal             :     exinfo->initialseekpostype = 1
[LOG] SystemI::createSoundInternal             :     Stream 0/1: name='Loop_90_Melody_High_Bell_Sequence_C', format=5, channels=2, frequency=48000, lengthbytes=190528, lengthpcm=1024000, pcmblocksize=0, loopstart=0, loopend=0, mode=0x00000000, channelmask=0x00000000, channelorder=0, peakvolume=0.781374.
[LOG] AsyncThread::threadFunc                  : Finished Asynchronous operation on sound 0x7faa8c0a44d8
[LOG] AsyncThread::threadFunc                  : Starting Asynchronous operation on sound 0x7faa8c073188
[LOG] SystemI::createSoundInternal             :     Create name='../Fmod Proj /Build/Desktop/Master.bank', mode=0x02010082
[LOG] SystemI::createSoundInternal             :     exinfo->cbsize             = 224
[LOG] SystemI::createSoundInternal             :     exinfo->length             = 6117824
[LOG] SystemI::createSoundInternal             :     exinfo->fileoffset         = 107040
[LOG] SystemI::createSoundInternal             :     exinfo->numsubsounds       = 1
[LOG] SystemI::createSoundInternal             :     exinfo->inclusionlist      = 0x7faa8c0a8680
[LOG] SystemI::createSoundInternal             :     exinfo->inclusionlistnum   = 1
[LOG] SystemI::createSoundInternal             :     exinfo->suggestedsoundtype = 5
[LOG] SystemI::createSoundInternal             :     exinfo->initialseekpostype = 1
[LOG] SystemI::createSoundInternal             :     Stream 0/1: name='Loop_90_Melody_High_Bell_Sequence_C', format=5, channels=2, frequency=48000, lengthbytes=190528, lengthpcm=1024000, pcmblocksize=0, loopstart=0, loopend=0, mode=0x00000000, channelmask=0x00000000, channelorder=0, peakvolume=0.781374.
[LOG] AsyncThread::threadFunc                  : Finished Asynchronous operation on sound 0x7faa8c073188
[LOG] SoundI::release                          : Loop_90_Melody_High_Bell_Sequence_C (0x7faa8e250268)
[LOG] SoundI::release                          :     Loop_90_Melody_High_Bell_Sequence_C (0x7faa8e92f598)
[LOG] SoundI::release                          :     Loop_90_Melody_High_Bell_Sequence_C (0x7faa8e9c0e58)
[LOG] SoundI::release                          : Loop_90_Melody_High_Bell_Sequence_C (0x7faa8a6428b8)
[LOG] SoundI::release                          :     Loop_90_Melody_High_Bell_Sequence_C (0x7faa8e941048)
[LOG] SoundI::release                          :     Loop_90_Melody_High_Bell_Sequence_C (0x7faa8e9c2328)
[LOG] SoundI::release                          :  (0x7faa6ebf0938)
[LOG] SoundI::release                          :     Ellen_Footsteps_Puddle_Walk_01 (0x7faa6ebf9da8)
[LOG] SoundI::release                          :  (0x7faa6eb656d8)
[LOG] SoundI::release                          :     Ellen_Footsteps_Puddle_Walk_02 (0x7faa6eb9e008)
[LOG] SoundI::release                          :  (0x7faa6edd45b8)
[LOG] SoundI::release                          :     Ellen_Footsteps_Puddle_Walk_03 (0x7faa6ed9f1e8)
[LOG] SoundI::release                          :  (0x7faa6ef946c8)
[LOG] SoundI::release                          :     Ellen_Footsteps_Puddle_Walk_04 (0x7faa6ea83a08)
[LOG] SoundI::release                          :  (0x7faa6eb81de8)
[LOG] SoundI::release                          :     Ellen_Footsteps_Puddle_Walk_05 (0x7faa6eb81f58)
[LOG] SoundI::release                          :  (0x7faa6ea8e948)
[LOG] SoundI::release                          :     Ellen_Footsteps_Puddle_Walk_06 (0x7faa6ea8eab8)
[LOG] SoundI::release                          :  (0x7faa6edce1f8)
[LOG] SoundI::release                          :     Ellen_Footsteps_Puddle_Walk_07 (0x7faa6edccc08)
[LOG] SoundI::release                          :  (0x7faa6eb03418)
[LOG] SoundI::release                          :     Ellen_Footsteps_Puddle_Walk_08 (0x7faa6eba2598)
[LOG] SoundI::release                          :  (0x7faa6ebfb618)
[LOG] SoundI::release                          :     Ellen_Footsteps_Puddle_Walk_09 (0x7faa6ebfb788)
[LOG] SoundI::release                          :  (0x7faa6ebf01e8)
[LOG] SoundI::release                          :     Ellen_Footsteps_Puddle_Walk_10 (0x7faa6ebf0358)
[LOG] SoundI::release                          :  (0x7faa6ea8e498)
[LOG] SoundI::release                          :     Ellen_Footsteps_Puddle_Walk_11 (0x7faa6ea8e608)
[LOG] SoundI::release                          :  (0x7faa6ebe8b68)
[LOG] SoundI::release                          :     Ellen_Footsteps_Puddle_Walk_12 (0x7faa6ebe7e38)
[LOG] SoundI::release                          :  (0x7faa6ea697c8)
[LOG] SoundI::release                          :     Ellen_Footsteps_Puddle_Walk_13 (0x7faa6ea69938)
[LOG] SoundI::release                          :  (0x7faa8c49d378)
[LOG] SoundI::release                          :     Ellen_Footsteps_Puddle_Walk_14 (0x7faa8c49d4e8)
[LOG] SoundI::release                          :  (0x7faa6ea67068)
[LOG] SoundI::release                          :     Ellen_Footsteps_Puddle_Walk_15 (0x7faa6ea671d8)
[LOG] SoundI::release                          :  (0x7faa8a4f1aa8)
[LOG] SoundI::release                          :     Ellen_Footsteps_Puddle_Walk_16 (0x7faa8a45f4c8)
[LOG] SoundI::release                          :  (0x7faa6eb58b08)
[LOG] SoundI::release                          :     Ellen_Footsteps_Puddle_Walk_17 (0x7faa6eb58e98)
[LOG] SoundI::release                          :  (0x7faa6ea8c7e8)
[LOG] SoundI::release                          :     Ellen_Footsteps_Puddle_Walk_18 (0x7faa6ea8c958)
[LOG] SoundI::release                          :  (0x7faa8e246328)
[LOG] SoundI::release                          :     Ellen_Footsteps_Puddle_Walk_19 (0x7faa8c5d92e8)
[LOG] SoundI::release                          :  (0x7faa6ebeebb8)
[LOG] SoundI::release                          :     Ellen_Footsteps_Puddle_Walk_20 (0x7faa6ebeed28)
[LOG] SoundI::release                          :  (0x7faa6ea8be88)
[LOG] SoundI::release                          :     Footstep_Running_Wood_01 (0x7faa6ea8bff8)
[LOG] SoundI::release                          :  (0x7faa6ea83d48)
[LOG] SoundI::release                          :     Footstep_Running_Wood_02 (0x7faa6ea83eb8)
[LOG] SoundI::release                          :  (0x7faa6ea66bb8)
[LOG] SoundI::release                          :     Footstep_Running_Wood_03 (0x7faa6ea66d28)
[LOG] SoundI::release                          :  (0x7faa6ea81568)
[LOG] SoundI::release                          :     Footstep_Running_Wood_04 (0x7faa6ea67cb8)
[LOG] SoundI::release                          :  (0x7faa6eb52f98)
[LOG] SoundI::release                          :     Footstep_Running_Wood_05 (0x7faa6eb3d038)
[LOG] SoundI::release                          :  (0x7faa8e242fd8)
[LOG] SoundI::release                          :     Footstep_Running_Wood_06 (0x7faa6ea836c8)
[LOG] SoundI::release                          :  (0x7faa6edce418)
[LOG] SoundI::release                          :     Footstep_Running_Wood_07 (0x7faa6ed0af08)
[LOG] SoundI::release                          :  (0x7faa6ebbb1b8)
[LOG] SoundI::release                          :     Footstep_Running_Wood_08 (0x7faa6eb9de78)
[LOG] SoundI::release                          :  (0x7faa8c49c348)
[LOG] SoundI::release                          :     Ellen_Footsteps_Grass_Run_01 (0x7faa8c49c4b8)
[LOG] SoundI::release                          :  (0x7faa6ebe6998)
[LOG] SoundI::release                          :     Ellen_Footsteps_Grass_Run_02 (0x7faa6ebe6b08)
[LOG] SoundI::release                          :  (0x7faa6ea8d1c8)
[LOG] SoundI::release                          :     Ellen_Footsteps_Grass_Run_03 (0x7faa6ea8dca8)
[LOG] SoundI::release                          :  (0x7faa8a4b00f8)
[LOG] SoundI::release                          :     Ellen_Footsteps_Grass_Run_04 (0x7faa8a4a1778)
[LOG] SoundI::release                          :  (0x7faa6eb2c1d8)
[LOG] SoundI::release                          :     Ellen_Footsteps_Grass_Run_05 (0x7faa6eb2c348)
[LOG] SoundI::release                          :  (0x7faa6eb86948)
[LOG] SoundI::release                          :     Ellen_Footsteps_Grass_Run_06 (0x7faa6eb8a098)
[LOG] SoundI::release                          :  (0x7faa6eb684a8)
[LOG] SoundI::release                          :     Ellen_Footsteps_Grass_Run_07 (0x7faa6eb68618)
[LOG] SoundI::release                          :  (0x7faa6eb58428)
[LOG] SoundI::release                          :     Ellen_Footsteps_Grass_Run_08 (0x7faa6ebf7738)
[LOG] SoundI::release                          :  (0x7faa6eb5b9f8)
[LOG] SoundI::release                          :     Ellen_Footsteps_Grass_Run_09 (0x7faa6eb5bb68)
[LOG] SoundI::release                          :  (0x7faa6ea8cae8)
[LOG] SoundI::release                          :     Ellen_Footsteps_Grass_Run_10 (0x7faa6ea8ce88)
[LOG] SoundI::release                          :  (0x7faa6ebe41a8)
[LOG] SoundI::release                          :     Ellen_Footsteps_Grass_Run_11 (0x7faa6eb33208)
[LOG] SoundI::release                          :  (0x7faa6ebe9868)
[LOG] SoundI::release                          :     Ellen_Footsteps_Grass_Run_12 (0x7faa6ebe99d8)
[LOG] SoundI::release                          :  (0x7faa6ea8f188)
[LOG] SoundI::release                          :     Ellen_Footsteps_Grass_Run_13 (0x7faa6ea8f2f8)
[LOG] SoundI::release                          :  (0x7faa6ea8dfe8)
[LOG] SoundI::release                          :     Ellen_Footsteps_Grass_Run_14 (0x7faa6ea8e158)
[LOG] SoundI::release                          :  (0x7faa6edcef08)
[LOG] SoundI::release                          :     Ellen_Footsteps_Grass_Run_15 (0x7faa6edcfef8)
[LOG] SoundI::release                          :  (0x7faa6eb263e8)
[LOG] SoundI::release                          :     Ellen_Footsteps_Grass_Run_16 (0x7faa6eb25e38)
[LOG] SoundI::release                          :  (0x7faa8c49b9e8)
[LOG] SoundI::release                          :     Ellen_Footsteps_Grass_Run_17 (0x7faa8c49bb58)
[LOG] SoundI::release                          :  (0x7faa6ea841f8)
[LOG] SoundI::release                          :     Ellen_Footsteps_Grass_Run_18 (0x7faa6ea84368)
[LOG] SoundI::release                          :  (0x7faa6eb41818)
[LOG] SoundI::release                          :     Ellen_Footsteps_Grass_Run_19 (0x7faa6eb23068)
[LOG] SoundI::release                          :  (0x7faa6eb7a478)
[LOG] SoundI::release                          :     Ellen_Footsteps_Grass_Run_20 (0x7faa6eb7a5e8)
[LOG] SoundI::release                          :  (0x7faa8e244998)
[LOG] SoundI::release                          :     Ellen_Footsteps_Stone_Run_01 (0x7faa8a66eb38)
[LOG] SoundI::release                          :  (0x7faa8a4b33d8)
[LOG] SoundI::release                          :     Ellen_Footsteps_Stone_Run_02 (0x7faa8a4ace48)
[LOG] SoundI::release                          :  (0x7faa6ea8b078)
[LOG] SoundI::release                          :     Ellen_Footsteps_Stone_Run_03 (0x7faa6ea8b1e8)
[LOG] SoundI::release                          :  (0x7faa8a49f2b8)
[LOG] SoundI::release                          :     Ellen_Footsteps_Stone_Run_04 (0x7faa8a477ba8)
[LOG] SoundI::release                          :  (0x7faa6ebf2648)
[LOG] SoundI::release                          :     Ellen_Footsteps_Stone_Run_05 (0x7faa6ebf27b8)
[LOG] SoundI::release                          :  (0x7faa6eb69038)
[LOG] SoundI::release                          :     Ellen_Footsteps_Stone_Run_06 (0x7faa6eb2a4b8)
[LOG] SoundI::release                          :  (0x7faa6ebe7538)
[LOG] SoundI::release                          :     Ellen_Footsteps_Stone_Run_07 (0x7faa6ebe76a8)
[LOG] SoundI::release                          :  (0x7faa6ebedff8)
[LOG] SoundI::release                          :     Ellen_Footsteps_Stone_Run_08 (0x7faa6ebec7d8)
[LOG] SoundI::release                          :  (0x7faa6eb07358)
[LOG] SoundI::release                          :     Ellen_Footsteps_Stone_Run_09 (0x7faa6eb074c8)
[LOG] SoundI::release                          :  (0x7faa8e5340b8)
[LOG] SoundI::release                          :     Ellen_Footsteps_Stone_Run_10 (0x7faa8e534228)
[LOG] SoundI::release                          :  (0x7faa8e24f2e8)
[LOG] SoundI::release                          :     Ellen_Footsteps_Stone_Run_11 (0x7faa8a63e918)
[LOG] SoundI::release                          :  (0x7faa6ea8c338)
[LOG] SoundI::release                          :     Ellen_Footsteps_Stone_Run_12 (0x7faa6ea8c4a8)
[LOG] SoundI::release                          :  (0x7faa6eb3b008)
[LOG] SoundI::release                          :     Ellen_Footsteps_Stone_Run_13 (0x7faa6eb3b178)
[LOG] SoundI::release                          :  (0x7faa6ea689b8)
[LOG] SoundI::release                          :     Ellen_Footsteps_Stone_Run_14 (0x7faa6ea68b28)
[LOG] SoundI::release                          :  (0x7faa6edc6558)
[LOG] SoundI::release                          :     Ellen_Footsteps_Stone_Run_15 (0x7faa6edcc9c8)
[LOG] SoundI::release                          :  (0x7faa8e241ce8)
[LOG] SoundI::release                          :     Ellen_Footsteps_Stone_Run_16 (0x7faa6ea83048)
[LOG] SoundI::release                          :  (0x7faa8a4c9168)
[LOG] SoundI::release                          :     Ellen_Footsteps_Stone_Run_17 (0x7faa8a4b93e8)
[LOG] SoundI::release                          :  (0x7faa8a4cf8d8)
[LOG] SoundI::release                          :     Ellen_Footsteps_Stone_Run_18 (0x7faa8a4d0018)
[LOG] SoundI::release                          :  (0x7faa8a48ee68)
[LOG] SoundI::release                          :     Ellen_Footsteps_Stone_Run_19 (0x7faa8a469f88)
[LOG] SoundI::release                          :  (0x7faa6eb21fd8)
[LOG] SoundI::release                          :     Ellen_Footsteps_Puddle_Run_01 (0x7faa6eb22148)
[LOG] SoundI::release                          :  (0x7faa6ea8b528)
[LOG] SoundI::release                          :     Ellen_Footsteps_Puddle_Run_02 (0x7faa6ea8b698)
[LOG] SoundI::release                          :  (0x7faa8e244bb8)
[LOG] SoundI::release                          :     Ellen_Footsteps_Puddle_Run_03 (0x7faa8a63b568)
[LOG] SoundI::release                          :  (0x7faa6eb1e078)
[LOG] SoundI::release                          :     Ellen_Footsteps_Puddle_Run_04 (0x7faa6eb3ea88)
[LOG] SoundI::release                          :  (0x7faa6ebe4478)
[LOG] SoundI::release                          :     Ellen_Footsteps_Puddle_Run_05 (0x7faa6ebe45e8)
[LOG] SoundI::release                          :  (0x7faa6ebee5b8)
[LOG] SoundI::release                          :     Ellen_Footsteps_Puddle_Run_06 (0x7faa6eb03a88)
[LOG] SoundI::release                          :  (0x7faa6eb5cdd8)
[LOG] SoundI::release                          :     Ellen_Footsteps_Puddle_Run_07 (0x7faa6eb41b38)
[LOG] SoundI::release                          :  (0x7faa6eb58638)
[LOG] SoundI::release                          :     Ellen_Footsteps_Puddle_Run_08 (0x7faa6eb587a8)
[LOG] SoundI::release                          :  (0x7faa6edce8f8)
[LOG] SoundI::release                          :     Ellen_Footsteps_Puddle_Run_09 (0x7faa6edc3e38)
[LOG] SoundI::release                          :  (0x7faa6ebebc78)
[LOG] SoundI::release                          :     Ellen_Footsteps_Puddle_Run_10 (0x7faa6ebebde8)
[LOG] SoundI::release                          :  (0x7faa6eb97878)
[LOG] SoundI::release                          :     Ellen_Footsteps_Puddle_Run_11 (0x7faa6eb979e8)
[LOG] SoundI::release                          :  (0x7faa6ebf2198)
[LOG] SoundI::release                          :     Ellen_Footsteps_Puddle_Run_12 (0x7faa6ebf2308)
[LOG] SoundI::release                          :  (0x7faa6ebe0308)
[LOG] SoundI::release                          :     Ellen_Footsteps_Puddle_Run_13 (0x7faa6ebe0478)
[LOG] SoundI::release                          :  (0x7faa6edc8948)
[LOG] SoundI::release                          :     Ellen_Footsteps_Puddle_Run_14 (0x7faa6edc9758)
[LOG] SoundI::release                          :  (0x7faa6eb3f048)
[LOG] SoundI::release                          :     Ellen_Footsteps_Puddle_Run_15 (0x7faa6eb3e8f8)
[LOG] SoundI::release                          :  (0x7faa8e534c88)
[LOG] SoundI::release                          :     Ellen_Footsteps_Puddle_Run_16 (0x7faa6ebea9d8)
[LOG] SoundI::release                          :  (0x7faa8a4891e8)
[LOG] SoundI::release                          :     Ellen_Footsteps_Puddle_Run_17 (0x7faa8a463568)
[LOG] SoundI::release                          :  (0x7faa8e5f7ef8)
[LOG] SoundI::release                          :     Ellen_Footsteps_Puddle_Run_18 (0x7faa8e5f8068)
[LOG] SoundI::release                          :  (0x7faa8c49ca68)
[LOG] SoundI::release                          :     Ellen_Footsteps_Puddle_Run_19 (0x7faa8c49cbd8)
[LOG] SoundI::release                          :  (0x7faa6ebf3728)
[LOG] SoundI::release                          :     Ellen_Footsteps_Puddle_Run_20 (0x7faa6ebf3898)
[LOG] SoundI::release                          :  (0x7faa6ebeaf78)
[LOG] SoundI::release                          :     Ellen_Footsteps_Earth_Walk_01 (0x7faa6ebe9528)
[LOG] SoundI::release                          :  (0x7faa8e533c08)
[LOG] SoundI::release                          :     Ellen_Footsteps_Earth_Walk_02 (0x7faa8e533d78)
[LOG] SoundI::release                          :  (0x7faa6ea89aa8)
[LOG] SoundI::release                          :     Ellen_Footsteps_Earth_Walk_03 (0x7faa6ea89c18)
[LOG] SoundI::release                          :  (0x7faa6ebe1888)
[LOG] SoundI::release                          :     Ellen_Footsteps_Earth_Walk_04 (0x7faa6ebe19f8)
[LOG] SoundI::release                          :  (0x7faa6ebede88)
[LOG] SoundI::release                          :     Ellen_Footsteps_Earth_Walk_05 (0x7faa6ebec498)
[LOG] SoundI::release                          : Forest Woodland Ambience 2 (0x7faa88c34c48)
[LOG] SoundI::release                          :     Forest Woodland Ambience 2 (0x7faa8a4f88a8)
[LOG] SoundI::release                          :     Forest Woodland Ambience 2 (0x7faa8c740c78)
[LOG] SoundI::release                          : Living_Cave (0x7faa8e244518)
[LOG] SoundI::release                          :     Living_Cave (0x7faa8a45d0e8)
[LOG] SoundI::release                          :     Living_Cave (0x7faa8c740eb8)
[LOG] SoundI::release                          : Loop_100_Gentle_Breeze_C (0x7faa8c5f1c38)
[LOG] SoundI::release                          :     Loop_100_Gentle_Breeze_C (0x7faa8e965bc8)
[LOG] SoundI::release                          :     Loop_100_Gentle_Breeze_C (0x7faa8e9d7d08)
[LOG] SoundI::release                          : Loop_90_Melody_High_Bell_Sequence_C (0x7faa8c0a44d8)
[LOG] SoundI::release                          :     Loop_90_Melody_High_Bell_Sequence_C (0x7faa889461e8)
[LOG] SoundI::release                          :     Loop_90_Melody_High_Bell_Sequence_C (0x7faa8a5082c8)
[LOG] SoundI::release                          : Loop_90_Melody_High_Bell_Sequence_C (0x7faa8c073188)
[LOG] SoundI::release                          :     Loop_90_Melody_High_Bell_Sequence_C (0x7faa8e941ea8)
[LOG] SoundI::release                          :     Loop_90_Melody_High_Bell_Sequence_C (0x7faa8e95fdf8)
[LOG] SoundI::release                          : Loop_100_Soothing_Waves_C (0x7faa88d37528)
[LOG] SoundI::release                          :     Loop_100_Soothing_Waves_C (0x7faa8e9d7f48)
[LOG] SoundI::release                          :     Loop_100_Soothing_Waves_C (0x7faa8e9c3af8)
[LOG] SoundI::release                          : Heavy Rain 2 Seamless (0x7faa6ec618f8)
[LOG] SoundI::release                          :     Heavy Rain 2 Seamless (0x7faa8ed548a8)
[LOG] SoundI::release                          :     Heavy Rain 2 Seamless (0x7faa88802bb8)
[LOG] SoundI::release                          :  (0x7faa6edca128)
[LOG] SoundI::release                          :     Ellen_Footsteps_Earth_Walk_06 (0x7faa6edc5538)
[LOG] SoundI::release                          :  (0x7faa6ebe50b8)
[LOG] SoundI::release                          :     Ellen_Footsteps_Earth_Walk_07 (0x7faa6ebe5228)
[LOG] SoundI::release                          :  (0x7faa6ebe5648)
[LOG] SoundI::release                          :     Ellen_Footsteps_Earth_Walk_08 (0x7faa6ebe57b8)
[LOG] SoundI::release                          :  (0x7faa6edc4c98)
[LOG] SoundI::release                          :     Ellen_Footsteps_Earth_Walk_09 (0x7faa6edc52f8)
[LOG] SoundI::release                          :  (0x7faa6ebf8818)
[LOG] SoundI::release                          :     Ellen_Footsteps_Earth_Walk_10 (0x7faa6ebf8988)
[LOG] SoundI::release                          :  (0x7faa6eb64648)
[LOG] SoundI::release                          :     Ellen_Footsteps_Earth_Walk_11 (0x7faa6eb695f8)
[LOG] SoundI::release                          :  (0x7faa6eb1c468)
[LOG] SoundI::release                          :     Ellen_Footsteps_Earth_Walk_12 (0x7faa6eb1c5d8)
[LOG] SoundI::release                          :  (0x7faa6eb4be78)
[LOG] SoundI::release                          :     Ellen_Footsteps_Earth_Walk_13 (0x7faa6eb4bfe8)
[LOG] SoundI::release                          :  (0x7faa8c49dcd8)
[LOG] SoundI::release                          :     Ellen_Footsteps_Earth_Walk_14 (0x7faa8c49de48)
[LOG] SoundI::release                          :  (0x7faa6ed9ce58)
[LOG] SoundI::release                          :     Ellen_Footsteps_Earth_Walk_15 (0x7faa6edc1d38)
[LOG] SoundI::release                          :  (0x7faa6eb306f8)
[LOG] SoundI::release                          :     Ellen_Footsteps_Stone_Walk_01 (0x7faa6eb30868)
[LOG] SoundI::release                          :  (0x7faa6ebef068)
[LOG] SoundI::release                          :     Ellen_Footsteps_Stone_Walk_02 (0x7faa6ebedb48)
[LOG] SoundI::release                          :  (0x7faa6eb68188)
[LOG] SoundI::release                          :     Ellen_Footsteps_Stone_Walk_03 (0x7faa6eb682f8)
[LOG] SoundI::release                          :  (0x7faa6ebf40f8)
[LOG] SoundI::release                          :     Ellen_Footsteps_Stone_Walk_04 (0x7faa6ebef938)
[LOG] SoundI::release                          :  (0x7faa6edaf078)
[LOG] SoundI::release                          :     Ellen_Footsteps_Stone_Walk_05 (0x7faa6ed84f58)
[LOG] SoundI::release                          :  (0x7faa6eb22eb8)
[LOG] SoundI::release                          :     Ellen_Footsteps_Stone_Walk_06 (0x7faa6eb21648)
[LOG] SoundI::release                          :  (0x7faa6edc6778)
[LOG] SoundI::release                          :     Ellen_Footsteps_Stone_Walk_07 (0x7faa6edc2d68)
[LOG] SoundI::release                          :  (0x7faa6ebea4b8)
[LOG] SoundI::release                          :     Ellen_Footsteps_Stone_Walk_08 (0x7faa6ebea628)
[LOG] SoundI::release                          :  (0x7faa8e2476b8)
[LOG] SoundI::release                          :     Ellen_Footsteps_Stone_Walk_09 (0x7faa6eff5b48)
[LOG] SoundI::release                          :  (0x7faa6ebfaf28)
[LOG] SoundI::release                          :     Ellen_Footsteps_Stone_Walk_10 (0x7faa6ebfb098)
[LOG] SoundI::release                          :  (0x7faa6eb049f8)
[LOG] SoundI::release                          :     Ellen_Footsteps_Stone_Walk_11 (0x7faa6eb77828)
[LOG] SoundI::release                          :  (0x7faa8a4d3d58)
[LOG] SoundI::release                          :     Ellen_Footsteps_Stone_Walk_12 (0x7faa8a4d95e8)
[LOG] SoundI::release                          :  (0x7faa8e5f83a8)
[LOG] SoundI::release                          :     Ellen_Footsteps_Stone_Walk_13 (0x7faa8e5f69a8)
[LOG] SoundI::release                          :  (0x7faa6ea8edf8)
[LOG] SoundI::release                          :     Ellen_Footsteps_Stone_Walk_14 (0x7faa6ea8f668)
[LOG] SoundI::release                          :  (0x7faa6ebe64e8)
[LOG] SoundI::release                          :     Ellen_Footsteps_Stone_Walk_15 (0x7faa6ebe6658)
[LOG] SoundI::release                          :  (0x7faa8a4af758)
[LOG] SoundI::release                          :     Ellen_Footsteps_Stone_Walk_16 (0x7faa8a47b608)
[LOG] SoundI::release                          :  (0x7faa6ebf7bd8)
[LOG] SoundI::release                          :     Ellen_Footsteps_Stone_Walk_17 (0x7faa6ebf7d48)
[LOG] SoundI::release                          :  (0x7faa8e5f6ce8)
[LOG] SoundI::release                          :     Ellen_Footsteps_Grass_Walk_01 (0x7faa8e5f6e58)
[LOG] SoundI::release                          :  (0x7faa6ea68238)
[LOG] SoundI::release                          :     Ellen_Footsteps_Grass_Walk_02 (0x7faa6ea66878)
[LOG] SoundI::release                          :  (0x7faa8c49be98)
[LOG] SoundI::release                          :     Ellen_Footsteps_Grass_Walk_03 (0x7faa8c49c008)
[LOG] SoundI::release                          :  (0x7faa6eb32b78)
[LOG] SoundI::release                          :     Ellen_Footsteps_Grass_Walk_04 (0x7faa6eb47e08)
[LOG] SoundI::release                          :  (0x7faa6ea69c78)
[LOG] SoundI::release                          :     Ellen_Footsteps_Grass_Walk_05 (0x7faa6ea684e8)
[LOG] SoundI::release                          :  (0x7faa6ebe3568)
[LOG] SoundI::release                          :     Ellen_Footsteps_Grass_Walk_06 (0x7faa6ebf7348)
[LOG] SoundI::release                          :  (0x7faa8e5f92d8)
[LOG] SoundI::release                          :     Ellen_Footsteps_Grass_Walk_07 (0x7faa8e5f9448)
[LOG] SoundI::release                          :  (0x7faa6ea8a408)
[LOG] SoundI::release                          :     Ellen_Footsteps_Grass_Walk_08 (0x7faa6ea8a578)
[LOG] SoundI::release                          :  (0x7faa6ebe4038)
[LOG] SoundI::release                          :     Ellen_Footsteps_Grass_Walk_09 (0x7faa6ebf0da8)
[LOG] SoundI::release                          :  (0x7faa8c49d828)
[LOG] SoundI::release                          :     Ellen_Footsteps_Grass_Walk_10 (0x7faa8c49d998)
[LOG] SoundI::release                          :  (0x7faa6ea68828)
[LOG] SoundI::release                          :     Ellen_Footsteps_Grass_Walk_11 (0x7faa6ea67b28)
[LOG] SoundI::release                          :  (0x7faa6ebf1cf8)
[LOG] SoundI::release                          :     Ellen_Footsteps_Grass_Walk_12 (0x7faa6ebf1478)
[LOG] SoundI::release                          :  (0x7faa6ebe5de8)
[LOG] SoundI::release                          :     Ellen_Footsteps_Grass_Walk_13 (0x7faa6ebef7a8)
[LOG] SoundI::release                          :  (0x7faa6ebe36d8)
[LOG] SoundI::release                          :     Ellen_Footsteps_Grass_Walk_14 (0x7faa6eb99818)
[LOG] SoundI::release                          :  (0x7faa6ebf6ee8)
[LOG] SoundI::release                          :     Ellen_Footsteps_Earth_Run_01 (0x7faa6ebf7058)
[LOG] SoundI::release                          :  (0x7faa6eb44708)
[LOG] SoundI::release                          :     Ellen_Footsteps_Earth_Run_02 (0x7faa6ebc52c8)
[LOG] SoundI::release                          :  (0x7faa6ebe1248)
[LOG] SoundI::release                          :     Ellen_Footsteps_Earth_Run_03 (0x7faa6ebe13b8)
[LOG] SoundI::release                          :  (0x7faa6ea8b9d8)
[LOG] SoundI::release                          :     Ellen_Footsteps_Earth_Run_04 (0x7faa6ea8bb48)
[LOG] SoundI::release                          :  (0x7faa8c49a7e8)
[LOG] SoundI::release                          :     Ellen_Footsteps_Earth_Run_05 (0x7faa8e58db58)
[LOG] SoundI::release                          :  (0x7faa6eb32fc8)
[LOG] SoundI::release                          :     Ellen_Footsteps_Earth_Run_06 (0x7faa6eb038f8)
[LOG] SoundI::release                          :  (0x7faa6ebf5e38)
[LOG] SoundI::release                          :     Ellen_Footsteps_Earth_Run_07 (0x7faa6ebf5fa8)
[LOG] SoundI::release                          :  (0x7faa6edc9998)
[LOG] SoundI::release                          :     Ellen_Footsteps_Earth_Run_08 (0x7faa6edc4a58)
[LOG] SoundI::release                          :  (0x7faa6ebfa2a8)
[LOG] SoundI::release                          :     Ellen_Footsteps_Earth_Run_09 (0x7faa6ebf9028)
[LOG] SoundI::release                          :  (0x7faa8e242c78)
[LOG] SoundI::release                          :     Ellen_Footsteps_Earth_Run_10 (0x7faa6ea83388)
[LOG] SoundI::release                          :  (0x7faa8e24ca88)
[LOG] SoundI::release                          :     Ellen_Footsteps_Earth_Run_11 (0x7faa8e270d68)
[LOG] SoundI::release                          :  (0x7faa6ebf9368)
[LOG] SoundI::release                          :     Ellen_Footsteps_Earth_Run_12 (0x7faa6ebf94d8)
[LOG] SoundI::release                          :  (0x7faa6eb851b8)
[LOG] SoundI::release                          :     Ellen_Footsteps_Earth_Run_13 (0x7faa6eb85328)
[LOG] SoundI::release                          :  (0x7faa6ea69318)
[LOG] SoundI::release                          :     Ellen_Footsteps_Earth_Run_14 (0x7faa6ea69488)
[LOG] SoundI::release                          :  (0x7faa6eb0b348)
[LOG] SoundI::release                          :     Ellen_Footsteps_Earth_Run_15 (0x7faa8e5f4a58)
[LOG] SoundI::release                          :  (0x7faa6ebfa908)
[LOG] SoundI::release                          :     Ellen_Footsteps_Earth_Run_16 (0x7faa6ebfaa78)
[LOG] SoundI::release                          :  (0x7faa6ebc2ac8)
[LOG] SoundI::release                          :     Ellen_Footsteps_Earth_Run_17 (0x7faa6eb9a9e8)
[LOG] SoundI::release                          :  (0x7faa8a490598)
[LOG] SoundI::release                          :     Ellen_Footsteps_Earth_Run_18 (0x7faa8a46f3a8)
[LOG] SoundI::release                          :  (0x7faa6eb5cf48)
[LOG] SoundI::release                          :     Ellen_Footsteps_Earth_Run_19 (0x7faa6eb63028)
[LOG] SoundI::release                          :  (0x7faa6ea68e68)
[LOG] SoundI::release                          :     Ellen_Footsteps_Earth_Run_20 (0x7faa6ea68fd8)
[LOG] SoundI::release                          :  (0x7faa8a4956e8)
[LOG] SoundI::release                          :     Footstep_Walking_Wood_01 (0x7faa8a477388)
[LOG] SoundI::release                          :  (0x7faa6ebe4b48)
[LOG] SoundI::release                          :     Footstep_Walking_Wood_02 (0x7faa6ebe4cb8)
[LOG] SoundI::release                          :  (0x7faa6ebdf6c8)
[LOG] SoundI::release                          :     Footstep_Walking_Wood_03 (0x7faa8c497e98)
[LOG] SoundI::release                          :  (0x7faa6ea89f58)
[LOG] SoundI::release                          :     Footstep_Walking_Wood_04 (0x7faa6ea8a0c8)
[LOG] SoundI::release                          :  (0x7faa6ebe9d18)
[LOG] SoundI::release                          :     Footstep_Walking_Wood_05 (0x7faa6ebe8828)
[LOG] SoundI::release                          :  (0x7faa6eb2a278)
[LOG] SoundI::release                          :     Footstep_Walking_Wood_06 (0x7faa6eb059a8)
[LOG] SoundI::release                          :  (0x7faa6ebf2af8)
[LOG] SoundI::release                          :     Footstep_Walking_Wood_07 (0x7faa6ebf2c68)
[LOG] SoundI::release                          :  (0x7faa6edc50d8)
[LOG] SoundI::release                          :     Footstep_Walking_Wood_08 (0x7faa6edc8b68)
[LOG] Thread::callback                         : FMOD Studio update thread finished.
[LOG] Thread::callback                         : FMOD Studio bank load thread finished.
[LOG] Profile::disconnectAll                   : Profiler disconnecting all clients
[LOG] Thread::callback                         : FMOD Studio sample load thread finished.
[LOG] LiveUpdate::release                      : 
[LOG] LiveUpdate::reset                        : Reset connection (reason Disconnected)
[LOG] Thread::callback                         : FMOD stream thread finished.
[LOG] Thread::callback                         : FMOD mixer thread finished.
[LOG] Profile::disconnectAll                   : Profiler disconnecting all clients
[LOG] SystemI::close                           : Closed.
